android/app/build/intermediates/manifest_merge_blame_file/debug/manifest-merger-blame-debug-report.txt
1<?xml version="1.0" encoding="utf-8"?>
2<manifest xmlns:android="http://schemas.android.com/apk/res/android"
3    package="com.example.sxf_app1"
4    android:versionCode="1"
5    android:versionName="1.0.0" >
6
7    <uses-sdk
8        android:minSdkVersion="21"
9        android:targetSdkVersion="34" />
10    <!--
11         The INTERNET permission is required for development. Specifically,
12         the Flutter tool needs it to communicate with the running application
13         to allow setting breakpoints, to provide hot reload, etc.
14    -->
15    <uses-permission android:name="android.permission.INTERNET" />
15-->src/debug/AndroidManifest.xml:6:5-66
15-->src/debug/AndroidManifest.xml:6:22-64
16    <!--
17     Required to query activities that can process text, see:
18         https://developer.android.com/training/package-visibility and
19         https://developer.android.com/reference/android/content/Intent#ACTION_PROCESS_TEXT.
20
21         In particular, this is used by the Flutter engine in io.flutter.plugin.text.ProcessTextPlugin.
22    -->
23    <queries>
23-->src/main/AndroidManifest.xml:39:5-44:15
24        <intent>
24-->src/main/AndroidManifest.xml:40:9-43:18
25            <action android:name="android.intent.action.PROCESS_TEXT" />
25-->src/main/AndroidManifest.xml:41:13-72
25-->src/main/AndroidManifest.xml:41:21-70
26
27            <data android:mimeType="text/plain" />
27-->src/main/AndroidManifest.xml:42:13-50
27-->src/main/AndroidManifest.xml:42:19-48
28        </intent>
29        <intent>
29-->[:flutter_inappwebview] AndroidManifest.xml:10:9-12:18
30            <action android:name="android.support.customtabs.action.CustomTabsService" />
30-->[:flutter_inappwebview] AndroidManifest.xml:11:13-90
30-->[:flutter_inappwebview] AndroidManifest.xml:11:21-87
31        </intent>
32    </queries>
33
34    <uses-permission android:name="android.permission.ACCESS_NETWORK_STATE" />
34-->[androidx.media3:media3-common:1.3.1] AndroidManifest.xml:22:5-79
34-->[androidx.media3:media3-common:1.3.1] AndroidManifest.xml:22:22-76
35
36    <permission
36-->[androidx.core:core:1.10.1] AndroidManifest.xml:22:5-24:47
37        android:name="com.example.sxf_app1.DYNAMIC_RECEIVER_NOT_EXPORTED_PERMISSION"
37-->[androidx.core:core:1.10.1] AndroidManifest.xml:23:9-81
38        android:protectionLevel="signature" />
38-->[androidx.core:core:1.10.1] AndroidManifest.xml:24:9-44
39
40    <uses-permission android:name="com.example.sxf_app1.DYNAMIC_RECEIVER_NOT_EXPORTED_PERMISSION" />
40-->[androidx.core:core:1.10.1] AndroidManifest.xml:26:5-97
40-->[androidx.core:core:1.10.1] AndroidManifest.xml:26:22-94
41
42    <application
43        android:name="android.app.Application"
44        android:appComponentFactory="androidx.core.app.CoreComponentFactory"
44-->[androidx.core:core:1.10.1] AndroidManifest.xml:28:18-86
45        android:debuggable="true"
46        android:icon="@mipmap/ic_launcher"
47        android:label="sxf_app1" >
48        <activity
49            android:name="com.example.sxf_app1.MainActivity"
50            android:configChanges="orientation|keyboardHidden|keyboard|screenSize|smallestScreenSize|locale|layoutDirection|fontScale|screenLayout|density|uiMode"
51            android:exported="true"
52            android:hardwareAccelerated="true"
53            android:launchMode="singleTop"
54            android:taskAffinity=""
55            android:theme="@style/LaunchTheme"
56            android:windowSoftInputMode="adjustResize" >
57
58            <!--
59                 Specifies an Android theme to apply to this Activity as soon as
60                 the Android process has started. This theme is visible to the user
61                 while the Flutter UI initializes. After that, this theme continues
62                 to determine the Window background behind the Flutter UI.
63            -->
64            <meta-data
65                android:name="io.flutter.embedding.android.NormalTheme"
66                android:resource="@style/NormalTheme" />
67
68            <intent-filter>
69                <action android:name="android.intent.action.MAIN" />
70
71                <category android:name="android.intent.category.LAUNCHER" />
72            </intent-filter>
73        </activity>
74        <!--
75             Don't delete the meta-data below.
76             This is used by the Flutter tool to generate GeneratedPluginRegistrant.java
77        -->
78        <meta-data
79            android:name="flutterEmbedding"
80            android:value="2" />
81
82        <activity
82-->[:flutter_inappwebview] AndroidManifest.xml:16:9-20:47
83            android:name="com.pichillilorenzo.flutter_inappwebview.in_app_browser.InAppBrowserActivity"
83-->[:flutter_inappwebview] AndroidManifest.xml:17:13-104
84            android:configChanges="orientation|keyboardHidden|keyboard|screenSize|locale|layoutDirection|fontScale|screenLayout|density"
84-->[:flutter_inappwebview] AndroidManifest.xml:18:13-137
85            android:exported="false"
85-->[:flutter_inappwebview] AndroidManifest.xml:19:13-37
86            android:theme="@style/AppTheme" />
86-->[:flutter_inappwebview] AndroidManifest.xml:20:13-44
87        <activity
87-->[:flutter_inappwebview] AndroidManifest.xml:21:9-24:55
88            android:name="com.pichillilorenzo.flutter_inappwebview.chrome_custom_tabs.ChromeCustomTabsActivity"
88-->[:flutter_inappwebview] AndroidManifest.xml:22:13-112
89            android:exported="false"
89-->[:flutter_inappwebview] AndroidManifest.xml:23:13-37
90            android:theme="@style/ThemeTransparent" />
90-->[:flutter_inappwebview] AndroidManifest.xml:24:13-52
91        <activity
91-->[:flutter_inappwebview] AndroidManifest.xml:25:9-28:55
92            android:name="com.pichillilorenzo.flutter_inappwebview.chrome_custom_tabs.TrustedWebActivity"
92-->[:flutter_inappwebview] AndroidManifest.xml:26:13-106
93            android:exported="false"
93-->[:flutter_inappwebview] AndroidManifest.xml:27:13-37
94            android:theme="@style/ThemeTransparent" />
94-->[:flutter_inappwebview] AndroidManifest.xml:28:13-52
95        <activity
95-->[:flutter_inappwebview] AndroidManifest.xml:29:9-33:55
96            android:name="com.pichillilorenzo.flutter_inappwebview.chrome_custom_tabs.ChromeCustomTabsActivitySingleInstance"
96-->[:flutter_inappwebview] AndroidManifest.xml:30:13-126
97            android:exported="false"
97-->[:flutter_inappwebview] AndroidManifest.xml:31:13-37
98            android:launchMode="singleInstance"
98-->[:flutter_inappwebview] AndroidManifest.xml:32:13-48
99            android:theme="@style/ThemeTransparent" />
99-->[:flutter_inappwebview] AndroidManifest.xml:33:13-52
100        <activity
100-->[:flutter_inappwebview] AndroidManifest.xml:34:9-38:55
101            android:name="com.pichillilorenzo.flutter_inappwebview.chrome_custom_tabs.TrustedWebActivitySingleInstance"
101-->[:flutter_inappwebview] AndroidManifest.xml:35:13-120
102            android:exported="false"
102-->[:flutter_inappwebview] AndroidManifest.xml:36:13-37
103            android:launchMode="singleInstance"
103-->[:flutter_inappwebview] AndroidManifest.xml:37:13-48
104            android:theme="@style/ThemeTransparent" />
104-->[:flutter_inappwebview] AndroidManifest.xml:38:13-52
105
106        <receiver
106-->[:flutter_inappwebview] AndroidManifest.xml:40:9-43:40
107            android:name="com.pichillilorenzo.flutter_inappwebview.chrome_custom_tabs.ActionBroadcastReceiver"
107-->[:flutter_inappwebview] AndroidManifest.xml:41:13-111
108            android:enabled="true"
108-->[:flutter_inappwebview] AndroidManifest.xml:42:13-35
109            android:exported="false" />
109-->[:flutter_inappwebview] AndroidManifest.xml:43:13-37
110
111        <meta-data
111-->[:flutter_inappwebview] AndroidManifest.xml:45:9-47:36
112            android:name="io.flutter.embedded_views_preview"
112-->[:flutter_inappwebview] AndroidManifest.xml:46:13-61
113            android:value="true" />
113-->[:flutter_inappwebview] AndroidManifest.xml:47:13-33
114
115        <activity
115-->[:url_launcher_android] AndroidManifest.xml:10:9-13:74
116            android:name="io.flutter.plugins.urllauncher.WebViewActivity"
116-->[:url_launcher_android] AndroidManifest.xml:11:13-74
117            android:exported="false"
117-->[:url_launcher_android] AndroidManifest.xml:12:13-37
118            android:theme="@android:style/Theme.NoTitleBar.Fullscreen" />
118-->[:url_launcher_android] AndroidManifest.xml:13:13-71
119
120        <uses-library
120-->[androidx.window:window:1.0.0-beta04] AndroidManifest.xml:25:9-27:40
121            android:name="androidx.window.extensions"
121-->[androidx.window:window:1.0.0-beta04] AndroidManifest.xml:26:13-54
122            android:required="false" />
122-->[androidx.window:window:1.0.0-beta04] AndroidManifest.xml:27:13-37
123        <uses-library
123-->[androidx.window:window:1.0.0-beta04] AndroidManifest.xml:28:9-30:40
124            android:name="androidx.window.sidecar"
124-->[androidx.window:window:1.0.0-beta04] AndroidManifest.xml:29:13-51
125            android:required="false" />
125-->[androidx.window:window:1.0.0-beta04] AndroidManifest.xml:30:13-37
126
127        <provider
127-->[androidx.emoji2:emoji2:1.2.0] AndroidManifest.xml:24:9-32:20
128            android:name="androidx.startup.InitializationProvider"
128-->[androidx.emoji2:emoji2:1.2.0] AndroidManifest.xml:25:13-67
129            android:authorities="com.example.sxf_app1.androidx-startup"
129-->[androidx.emoji2:emoji2:1.2.0] AndroidManifest.xml:26:13-68
130            android:exported="false" >
130-->[androidx.emoji2:emoji2:1.2.0] AndroidManifest.xml:27:13-37
131            <meta-data
131-->[androidx.emoji2:emoji2:1.2.0] AndroidManifest.xml:29:13-31:52
132                android:name="androidx.emoji2.text.EmojiCompatInitializer"
132-->[androidx.emoji2:emoji2:1.2.0] AndroidManifest.xml:30:17-75
133                android:value="androidx.startup" />
133-->[androidx.emoji2:emoji2:1.2.0] AndroidManifest.xml:31:17-49
134            <meta-data
134-->[androidx.lifecycle:lifecycle-process:2.4.1] AndroidManifest.xml:31:13-33:52
135                android:name="androidx.lifecycle.ProcessLifecycleInitializer"
135-->[androidx.lifecycle:lifecycle-process:2.4.1] AndroidManifest.xml:32:17-78
136                android:value="androidx.startup" />
136-->[androidx.lifecycle:lifecycle-process:2.4.1] AndroidManifest.xml:33:17-49
137        </provider>
138    </application>
139
140</manifest>